C51 COMPILER V7.50   AD                                                                    03/09/2017 16:51:51 PAGE 1   


C51 COMPILER V7.50, COMPILATION OF MODULE AD
OBJECT MODULE PLACED IN .\output\ad.obj
COMPILER INVOKED BY: C:\Keil\C51\BIN\C51.EXE src\ad.c BROWSE INCDIR(C:\Documents and Settings\Administrator\×ÀÃæ\xmj\env
                    -_monitoring\inc\) DEBUG OBJECTEXTEND PRINT(.\list\ad.lst) OBJECT(.\output\ad.obj)

line level    source

   1          #include"mydefine.h"
   2          
   3          
   4          
   5          //¶ÌÔÝÑÓÊ± Ìæ»» _nop_();
   6          void my_nop(void)
   7          {
   8   1              uchar j;
   9   1              for(j=0;j<0x0f;j++)
  10   1                      ;
  11   1      }
  12          
  13          
  14          void ad_select_in(uchar select)
  15          {
  16   1              switch(select)
  17   1              {
  18   2                      case temperature:
  19   2                              AD_SET_IN_A = 0;
  20   2                              AD_SET_IN_B = 0;
  21   2                              break;
  22   2                      case light:
  23   2                              AD_SET_IN_A = 1;
  24   2                              AD_SET_IN_B = 0;
  25   2                              break;
  26   2                      case voltage:
  27   2                              AD_SET_IN_A = 0;
  28   2                              AD_SET_IN_B = 1;
  29   2                              break;
  30   2                      default : break;
  31   2              }
  32   1      }
  33          
  34          uchar adc(uchar select)
  35          {
  36   1              uchar i,temp;
  37   1              AD_CS = 0;
  38   1              my_nop();
  39   1              
  40   1              ad_select_in(select);
  41   1              my_nop();
  42   1              
  43   1              for(i=0; i<8; i++)
  44   1              {
  45   2                      temp = temp<<1;
  46   2                      AD_CLK = 0;
  47   2                      my_nop();
  48   2                      AD_CLK = 1;
  49   2                      my_nop();
  50   2                      temp |= AD_DO;
  51   2              }
  52   1              AD_CS = 1;
  53   1              return temp;
  54   1      }
C51 COMPILER V7.50   AD                                                                    03/09/2017 16:51:51 PAGE 2   



MODULE INFORMATION:   STATIC OVERLAYABLE
   CODE SIZE        =     79    ----
   CONSTANT SIZE    =   ----    ----
   XDATA SIZE       =   ----    ----
   PDATA SIZE       =   ----    ----
   DATA SIZE        =   ----    ----
   IDATA SIZE       =   ----    ----
   BIT SIZE         =   ----    ----
END OF MODULE INFORMATION.


C51 COMPILATION COMPLETE.  0 WARNING(S),  0 ERROR(S)
