C51 COMPILER V7.50   DATE                                                                  03/09/2017 16:51:50 PAGE 1   


C51 COMPILER V7.50, COMPILATION OF MODULE DATE
OBJECT MODULE PLACED IN .\output\date.obj
COMPILER INVOKED BY: C:\Keil\C51\BIN\C51.EXE src\date.c BROWSE INCDIR(C:\Documents and Settings\Administrator\桌面\xmj\e
                    -nv_monitoring\inc\) DEBUG OBJECTEXTEND PRINT(.\list\date.lst) OBJECT(.\output\date.obj)

line level    source

   1          #include "mydefine.h"
   2          
   3          
   4          uchar code digital[]= //0~9数字
   5          {
   6                  0x14,0x9f,0x38,0x1a,0x93,0x52,0x50,0x1f,0x10,0x12,0xff
   7          };
   8          
   9          uchar code digital_dot[]= //0~9数字+小数点
  10          {
  11                  0x04,0x8f,0x28,0x0a,0x83,0x42,0x40,0x0f,0x00,0x02 
  12          };
  13          
  14          uchar code chartab[]= //字符 C L E 
  15          {
  16                  0x74,0xf4,0x70
  17          };
  18          
  19          
  20          /*float code temperature_tab[]=
  21          {
  22                  32.3,25.14,19.9,15.81,12.71,10,8.069,6.518,5.316,4.405,3.5881,2.968,
  23                  2.518,2.105,1.731 //0~70度的表格  5度涨幅
  24          };
  25          */
  26          
  27          float code temperature_tab[]=
  28          {
  29                  32.5030,31.6915,30.9026,30.1355,29.3896,28.6644,27.9590,27.2730,26.6058,25.9567, //0~4.5 幅度0.5度
  30                  25.3254,24.7111,24.1135,23.5320,22.9661,22.4154,21.8795,21.3579,20.8502,20.3559, //5~9.5
  31                  19.8747,19.4063,18.9502,18.5060,18.0735,17.6523,17.2421,16.8426,16.4534,16.0743, //10~14.5
  32                  15.7049,15.3450,14.9944,14.6528,14.3198,13.9954,13.6792,13.3710,13.0705,12.7777, //15~19.5
  33                  12.4922,12.2138,11.9425,11.6778,11.4198,11.1681,10.9227,10.6834,10.4499,10.2222, //20~24.5
  34                  10.0000, 9.7833, 9.5718, 9.3655, 9.1642, 8.9677, 8.7760, 8.5889, 8.4063, 8.2281, //25~29.5
  35                   8.0541, 7.8842, 7.7184, 7.5565, 7.3985, 7.2442, 7.0935, 6.9463, 6.8026, 6.6622, //30~34.5
  36                   6.5251, 6.3912, 6.2604, 6.1326, 6.0077, 5.8858, 5.7666, 5.6501, 5.5363, 5.4251  //35~40                
  37          };
  38          


MODULE INFORMATION:   STATIC OVERLAYABLE
   CODE SIZE        =   ----    ----
   CONSTANT SIZE    =    344    ----
   XDATA SIZE       =   ----    ----
   PDATA SIZE       =   ----    ----
   DATA SIZE        =   ----    ----
   IDATA SIZE       =   ----    ----
   BIT SIZE         =   ----    ----
END OF MODULE INFORMATION.


C51 COMPILATION COMPLETE.  0 WARNING(S),  0 ERROR(S)
