C51 COMPILER V7.50   IIC                                                                   03/09/2017 16:51:52 PAGE 1   


C51 COMPILER V7.50, COMPILATION OF MODULE IIC
OBJECT MODULE PLACED IN .\output\iic.obj
COMPILER INVOKED BY: C:\Keil\C51\BIN\C51.EXE src\iic.c BROWSE INCDIR(C:\Documents and Settings\Administrator\桌面\xmj\en
                    -v_monitoring\inc\) DEBUG OBJECTEXTEND PRINT(.\list\iic.lst) OBJECT(.\output\iic.obj)

line level    source

   1          #include"mydefine.h"
   2          
   3          //iic设备 两条线外接上啦电阻  
   4          //空闲状态 1
   5          //忙状态   0
   6          //只有在空闲状态是读取或者写入数据
   7          
   8          void I2CDelay(uint i) /*延时函数*/
   9          {
  10   1          while(i!=0)
  11   1              i--;
  12   1      }
  13          
  14          void iic_init(void)              //初始化
  15          {
  16   1             SCL=1;
  17   1             my_nop();
  18   1             SDA=1;
  19   1             my_nop();
  20   1      }
  21          
  22          void iic_start(void)
  23          {
  24   1              SDA=1;
  25   1              SCL=1;
  26   1              I2CDelay(60);
  27   1              SDA=0;
  28   1              I2CDelay(60);
  29   1              SCL=0;
  30   1              I2CDelay(60);
  31   1      
  32   1              
  33   1      }
  34          
  35          void iic_stop(void)
  36          {
  37   1              SDA=0;
  38   1              SCL=1;
  39   1              I2CDelay(60);
  40   1              SDA=1;
  41   1              I2CDelay(60);
  42   1              SCL=0;
  43   1              I2CDelay(60);
  44   1      
  45   1      }
  46          
  47          
  48          bit iic_respons(void)             //回应信号
  49          {
  50   1              bit Ack_Flag;
  51   1              SDA=1;
  52   1              SCL=1;
  53   1              I2CDelay(30);
  54   1              Ack_Flag=~SDA;
C51 COMPILER V7.50   IIC                                                                   03/09/2017 16:51:52 PAGE 2   

  55   1              I2CDelay(30);
  56   1              SCL=0;
  57   1              I2CDelay(60);
  58   1              return Ack_Flag;
  59   1      
  60   1      }
  61          
  62          void SEND_0(void )   /* SEND ACK *//*发送0，在SCL为高电平时使SDA信号为低*/
  63          {
  64   1              SDA=0;
  65   1              SCL=1;
  66   1              I2CDelay(60);
  67   1              SCL=0;
  68   1              I2CDelay(60);
  69   1      }
  70          
  71          void SEND_1(void) /*发送1，在SCL为高电平时使SDA信号为高*/
  72          {
  73   1              SDA=1;
  74   1              SCL=1;
  75   1              I2CDelay(60);
  76   1              SCL=0;
  77   1              I2CDelay(60);
  78   1      }
  79          
  80          /*
  81          void iic_no_respons() //非应答
  82          {
  83                  SCL = 1;//在scl为高电平期间，由主机向从机发送一个1，非应答信号
  84                  my_nop();
  85                  SDA = 1;
  86                  SCL = 0; //应答之后将scl拉低
  87                  my_nop();
  88          }
  89          */
  90          
  91          void iic_write_byte(uchar x)
  92          {
  93   1              uchar i;
  94   1              for(i=0;i<8;i++)
  95   1                      if((x<<i)&0x80)
  96   1                              SEND_1();
  97   1                      else
  98   1                              SEND_0();
  99   1      
 100   1              
 101   1      }
 102          
 103          uchar iic_read_byte(void)
 104          {
 105   1              uchar x=0,i;
 106   1              bit Ack_Flag;
 107   1              for(i=0;i<8;i++)
 108   1              {
 109   2                      SDA=1;    /*释放总线*/
 110   2                      SCL=1;    /*接受数据*/
 111   2                      I2CDelay(10);
 112   2                      Ack_Flag=SDA;
 113   2                      I2CDelay(10);
 114   2                      SCL=0;
 115   2                      if(Ack_Flag)
 116   2                              {
C51 COMPILER V7.50   IIC                                                                   03/09/2017 16:51:52 PAGE 3   

 117   3                                      x=x<<1;
 118   3                                      x=x|0x01;
 119   3                              }
 120   2                      else
 121   2                              x=x<<1;
 122   2              }
 123   1              return x;
 124   1      
 125   1      }
 126          
 127          void iic_write(uchar addr,uchar info)
 128          //指定地址写一个字节数据
 129          {
 130   1              bit acktemp=1;
 131   1              iic_start();
 132   1              iic_write_byte(0xa0);
 133   1              
 134   1              acktemp=iic_respons();
 135   1              
 136   1              iic_write_byte(addr);/*address*/
 137   1              acktemp=iic_respons();
 138   1              
 139   1              iic_write_byte(info);/*data*/
 140   1              acktemp=iic_respons();
 141   1              iic_stop();
 142   1      
 143   1      }
 144          
 145          
 146          uchar iic_read(uchar addr)
 147          //指定地址读一个字节数据
 148          {
 149   1              bit acktemp=1;
 150   1              char mydata;
 151   1               /*read a byte from mem*/
 152   1              iic_start();
 153   1              iic_write_byte(0xa0);
 154   1              acktemp=iic_respons();
 155   1              
 156   1              iic_write_byte(addr);/*address*/
 157   1              acktemp=iic_respons();
 158   1              
 159   1              iic_start();
 160   1              iic_write_byte(0xa1);
 161   1              acktemp=iic_respons();
 162   1              
 163   1              mydata=iic_read_byte();
 164   1              acktemp=iic_respons();
 165   1              
 166   1              iic_stop();
 167   1              return mydata;
 168   1      
 169   1      }
 170          
 171          /*写n个字节的数据到指定地址开始的单元中*/
 172          Write_Num_Byte(uchar *buffer,uchar cnt,uchar addr)
 173          {
 174   1                bit acktemp=1; uchar i;
 175   1                iic_start();
 176   1                iic_write_byte(0xa0);
 177   1                acktemp=iic_respons();
 178   1                iic_write_byte(addr);/*address*/
C51 COMPILER V7.50   IIC                                                                   03/09/2017 16:51:52 PAGE 4   

 179   1                acktemp=iic_respons();
 180   1                for(i=0;i<cnt;i++)
 181   1                {
 182   2                  iic_write_byte(buffer[i]);
 183   2                  if(!iic_respons())   iic_stop();                
 184   2                 }
 185   1                iic_stop();
 186   1      }
 187          /*读n个单元的数据*/
 188          void Read_N_Bytes(uchar *buffer,uchar n,uchar addr)
 189          {
 190   1                bit acktemp=1;
 191   1      
 192   1                int i=0;
 193   1                 /*read 8 bytes from mem*/
 194   1                iic_start();
 195   1                iic_write_byte(0xa0);
 196   1                acktemp=iic_respons();
 197   1                iic_write_byte(addr);/*address*/
 198   1                acktemp=iic_respons();
 199   1                iic_start();
 200   1                iic_write_byte(0xa1);
 201   1                acktemp=iic_respons();
 202   1                for(i=0;i<n;i++)
 203   1                {
 204   2                      buffer[i]=iic_read_byte();
 205   2                      if(i!=n-1)
 206   2                          SEND_0();    /*发送应答*/
 207   2                      else
 208   2                          SEND_1();    /*发送非应答*/
 209   2                }
 210   1      
 211   1                iic_stop();
 212   1      }
 213          


MODULE INFORMATION:   STATIC OVERLAYABLE
   CODE SIZE        =    478    ----
   CONSTANT SIZE    =   ----    ----
   XDATA SIZE       =   ----    ----
   PDATA SIZE       =   ----    ----
   DATA SIZE        =   ----      13
   IDATA SIZE       =   ----    ----
   BIT SIZE         =   ----       6
END OF MODULE INFORMATION.


C51 COMPILATION COMPLETE.  0 WARNING(S),  0 ERROR(S)
